  assignment05.cpp
c:\users\final\source\repos\set\set\set.h(61): error C2427: 'iterator': cannot define class in this scope
  c:\users\final\source\repos\set\set\set.h(60): note: see declaration of 'iterator'
  c:\users\final\source\repos\set\set\set.h(99): note: see reference to class template instantiation 'set<T>' being compiled
c:\users\final\source\repos\set\set\set.h(61): error C2911: 'iterator': cannot be declared or defined in the current scope
c:\users\final\source\repos\set\set\set.h(61): error C2649: 'set<`template-type-parameter-1'>::iterator': is not a 'class'
c:\users\final\source\repos\set\set\set.h(90): error C3646: 'find': unknown override specifier
c:\users\final\source\repos\set\set\set.h(90): error C2059: syntax error: '('
c:\users\final\source\repos\set\set\set.h(90): error C2238: unexpected token(s) preceding ';'
c:\users\final\source\repos\set\set\set.h(91): error C3646: 'erase': unknown override specifier
c:\users\final\source\repos\set\set\set.h(91): error C2059: syntax error: '('
c:\users\final\source\repos\set\set\set.h(91): error C2238: unexpected token(s) preceding ';'
c:\users\final\source\repos\set\set\set.h(92): error C3646: 'begin': unknown override specifier
c:\users\final\source\repos\set\set\set.h(92): error C2059: syntax error: '('
c:\users\final\source\repos\set\set\set.h(92): error C2238: unexpected token(s) preceding ';'
c:\users\final\source\repos\set\set\set.h(93): error C3646: 'end': unknown override specifier
c:\users\final\source\repos\set\set\set.h(93): error C2059: syntax error: '('
c:\users\final\source\repos\set\set\set.h(93): error C2238: unexpected token(s) preceding ';'
c:\users\final\source\repos\set\set\set.h(154): error C3861: 'item': identifier not found
c:\users\final\source\repos\set\set\set.h(157): error C3861: 'insertIndex': identifier not found
c:\users\final\source\repos\set\set\set.h(157): error C3861: 'item': identifier not found
c:\users\final\source\repos\set\set\set.h(158): error C3861: 'numItems': identifier not found
c:\users\final\source\repos\set\set\set.h(170): error C3861: 'item': identifier not found
c:\users\final\source\repos\set\set\set.h(203): warning C4346: 'iterator': dependent name is not a type
  c:\users\final\source\repos\set\set\set.h(203): note: prefix with 'typename' to indicate a type
c:\users\final\source\repos\set\set\set.h(203): error C2061: syntax error: identifier 'iterator'
c:\users\final\source\repos\set\set\set.h(204): error C2143: syntax error: missing ';' before '{'
c:\users\final\source\repos\set\set\set.h(204): error C2447: '{': missing function header (old-style formal list?)
c:\users\final\source\repos\set\set\set.h(209): warning C4346: 'iterator': dependent name is not a type
  c:\users\final\source\repos\set\set\set.h(209): note: prefix with 'typename' to indicate a type
c:\users\final\source\repos\set\set\set.h(209): error C2061: syntax error: identifier 'iterator'
c:\users\final\source\repos\set\set\set.h(210): error C2143: syntax error: missing ';' before '{'
c:\users\final\source\repos\set\set\set.h(210): error C2447: '{': missing function header (old-style formal list?)
c:\users\final\source\repos\set\set\set.h(215): warning C4346: 'iterator': dependent name is not a type
  c:\users\final\source\repos\set\set\set.h(215): note: prefix with 'typename' to indicate a type
c:\users\final\source\repos\set\set\set.h(215): error C2061: syntax error: identifier 'iterator'
c:\users\final\source\repos\set\set\set.h(216): error C2143: syntax error: missing ';' before '{'
c:\users\final\source\repos\set\set\set.h(216): error C2447: '{': missing function header (old-style formal list?)
c:\users\final\source\repos\set\set\set.h(221): warning C4346: 'iterator': dependent name is not a type
  c:\users\final\source\repos\set\set\set.h(221): note: prefix with 'typename' to indicate a type
c:\users\final\source\repos\set\set\set.h(221): error C2061: syntax error: identifier 'iterator'
c:\users\final\source\repos\set\set\set.h(222): error C2143: syntax error: missing ';' before '{'
c:\users\final\source\repos\set\set\set.h(222): error C2447: '{': missing function header (old-style formal list?)
c:\users\final\source\repos\set\set\assignment05.cpp(25): error C2871: 'custom': a namespace with this name does not exist
c:\users\final\source\repos\set\set\assignment05.cpp(65): error C2065: 'choice': undeclared identifier
c:\users\final\source\repos\set\set\assignment05.cpp(66): error C2065: 'choice': undeclared identifier
c:\users\final\source\repos\set\set\assignment05.cpp(67): error C2050: switch expression not integral
c:\users\final\source\repos\set\set\assignment05.cpp(69): error C3861: 'goFish': identifier not found
c:\users\final\source\repos\set\set\assignment05.cpp(72): error C3861: 'testSimple': identifier not found
c:\users\final\source\repos\set\set\assignment05.cpp(76): error C3861: 'testFill': identifier not found
c:\users\final\source\repos\set\set\assignment05.cpp(80): error C3861: 'testFind': identifier not found
c:\users\final\source\repos\set\set\assignment05.cpp(84): error C3861: 'testUnionIntersection': identifier not found
c:\users\final\source\repos\set\set\assignment05.cpp(88): error C3861: 'testConstIterator': identifier not found
c:\users\final\source\repos\set\set\assignment05.cpp(92): error C3861: 'testDifference': identifier not found
c:\users\final\source\repos\set\set\assignment05.cpp(114): error C2065: 's1': undeclared identifier
c:\users\final\source\repos\set\set\assignment05.cpp(115): error C2065: 's1': undeclared identifier
c:\users\final\source\repos\set\set\set.h(60): error C4596: 'iterator': illegal qualified name in member declaration
  c:\users\final\source\repos\set\set\assignment05.cpp(119): note: see reference to class template instantiation 'set<double>' being compiled
c:\users\final\source\repos\set\set\set.h(88): error C2460: 'set<double>::iterator': uses 'set<double>', which is being defined
  c:\users\final\source\repos\set\set\assignment05.cpp(119): note: see declaration of 'set<double>'
c:\users\final\source\repos\set\set\set.h(90): error C2327: 'set<double>::iterator': is not a type name, static, or enumerator
c:\users\final\source\repos\set\set\set.h(91): error C2327: 'set<double>::iterator': is not a type name, static, or enumerator
c:\users\final\source\repos\set\set\set.h(92): error C2327: 'set<double>::iterator': is not a type name, static, or enumerator
c:\users\final\source\repos\set\set\set.h(93): error C2327: 'set<double>::iterator': is not a type name, static, or enumerator
c:\users\final\source\repos\set\set\set.h(88): error C2460: 'set<int>::iterator': uses 'set<int>', which is being defined
  c:\users\final\source\repos\set\set\assignment05.cpp(177): note: see declaration of 'set<int>'
c:\users\final\source\repos\set\set\set.h(90): error C2327: 'set<int>::iterator': is not a type name, static, or enumerator
c:\users\final\source\repos\set\set\set.h(91): error C2327: 'set<int>::iterator': is not a type name, static, or enumerator
c:\users\final\source\repos\set\set\set.h(92): error C2327: 'set<int>::iterator': is not a type name, static, or enumerator
c:\users\final\source\repos\set\set\set.h(93): error C2327: 'set<int>::iterator': is not a type name, static, or enumerator
c:\users\final\source\repos\set\set\set.h(88): error C2460: 'set<std::string>::iterator': uses 'set<std::string>', which is being defined
  c:\users\final\source\repos\set\set\assignment05.cpp(232): note: see declaration of 'set<std::string>'
c:\users\final\source\repos\set\set\set.h(90): error C2327: 'set<std::string>::iterator': is not a type name, static, or enumerator
c:\users\final\source\repos\set\set\set.h(91): error C2327: 'set<std::string>::iterator': is not a type name, static, or enumerator
c:\users\final\source\repos\set\set\set.h(92): error C2327: 'set<std::string>::iterator': is not a type name, static, or enumerator
c:\users\final\source\repos\set\set\set.h(93): error C2327: 'set<std::string>::iterator': is not a type name, static, or enumerator
c:\users\final\source\repos\set\set\assignment05.cpp(257): error C2146: syntax error: missing ';' before identifier 'itEmpty'
c:\users\final\source\repos\set\set\assignment05.cpp(257): error C2597: illegal reference to non-static member 'set<std::string>::iterator'
  c:\users\final\source\repos\set\set\assignment05.cpp(257): note: see declaration of 'set<std::string>::iterator'
c:\users\final\source\repos\set\set\assignment05.cpp(257): error C2065: 'itEmpty': undeclared identifier
c:\users\final\source\repos\set\set\assignment05.cpp(257): error C2039: 'end': is not a member of 'set<std::string>'
  c:\users\final\source\repos\set\set\assignment05.cpp(232): note: see declaration of 'set<std::string>'
c:\users\final\source\repos\set\set\assignment05.cpp(258): error C2146: syntax error: missing ';' before identifier 'itFind'
c:\users\final\source\repos\set\set\assignment05.cpp(258): error C2597: illegal reference to non-static member 'set<std::string>::iterator'
  c:\users\final\source\repos\set\set\assignment05.cpp(258): note: see declaration of 'set<std::string>::iterator'
c:\users\final\source\repos\set\set\assignment05.cpp(258): error C2065: 'itFind': undeclared identifier
c:\users\final\source\repos\set\set\assignment05.cpp(258): error C2039: 'find': is not a member of 'set<std::string>'
  c:\users\final\source\repos\set\set\assignment05.cpp(232): note: see declaration of 'set<std::string>'
c:\users\final\source\repos\set\set\assignment05.cpp(259): error C2065: 'itFind': undeclared identifier
c:\users\final\source\repos\set\set\assignment05.cpp(259): error C2065: 'itEmpty': undeclared identifier
c:\users\final\source\repos\set\set\assignment05.cpp(262): error C2039: 'erase': is not a member of 'set<std::string>'
  c:\users\final\source\repos\set\set\assignment05.cpp(232): note: see declaration of 'set<std::string>'
c:\users\final\source\repos\set\set\assignment05.cpp(262): error C2065: 'itFind': undeclared identifier
c:\users\final\source\repos\set\set\set.h(88): error C2460: 'set<float>::iterator': uses 'set<float>', which is being defined
  c:\users\final\source\repos\set\set\assignment05.cpp(302): note: see declaration of 'set<float>'
c:\users\final\source\repos\set\set\set.h(90): error C2327: 'set<float>::iterator': is not a type name, static, or enumerator
c:\users\final\source\repos\set\set\set.h(91): error C2327: 'set<float>::iterator': is not a type name, static, or enumerator
c:\users\final\source\repos\set\set\set.h(92): error C2327: 'set<float>::iterator': is not a type name, static, or enumerator
c:\users\final\source\repos\set\set\set.h(93): error C2327: 'set<float>::iterator': is not a type name, static, or enumerator
c:\users\final\source\repos\set\set\assignment05.cpp(362): error C2039: 'const_iterator': is not a member of 'set<int>'
  c:\users\final\source\repos\set\set\assignment05.cpp(177): note: see declaration of 'set<int>'
c:\users\final\source\repos\set\set\assignment05.cpp(362): error C2065: 'const_iterator': undeclared identifier
c:\users\final\source\repos\set\set\assignment05.cpp(362): error C2146: syntax error: missing ';' before identifier 'it'
c:\users\final\source\repos\set\set\assignment05.cpp(362): error C2143: syntax error: missing ';' before '='
c:\users\final\source\repos\set\set\assignment05.cpp(362): error C2143: syntax error: missing ')' before '='
c:\users\final\source\repos\set\set\assignment05.cpp(362): error C2059: syntax error: '='
c:\users\final\source\repos\set\set\assignment05.cpp(362): error C2065: 'it': undeclared identifier
c:\users\final\source\repos\set\set\assignment05.cpp(362): error C2039: 'cend': is not a member of 'set<int>'
  c:\users\final\source\repos\set\set\assignment05.cpp(177): note: see declaration of 'set<int>'
c:\users\final\source\repos\set\set\assignment05.cpp(362): error C2059: syntax error: ')'
c:\users\final\source\repos\set\set\assignment05.cpp(363): error C2146: syntax error: missing ';' before identifier 'cout'
c:\users\final\source\repos\set\set\assignment05.cpp(363): error C2065: 'it': undeclared identifier
c:\users\final\source\repos\set\set\set.h(88): error C2460: 'set<char>::iterator': uses 'set<char>', which is being defined
  c:\users\final\source\repos\set\set\assignment05.cpp(382): note: see declaration of 'set<char>'
c:\users\final\source\repos\set\set\set.h(90): error C2327: 'set<char>::iterator': is not a type name, static, or enumerator
c:\users\final\source\repos\set\set\set.h(91): error C2327: 'set<char>::iterator': is not a type name, static, or enumerator
c:\users\final\source\repos\set\set\set.h(92): error C2327: 'set<char>::iterator': is not a type name, static, or enumerator
c:\users\final\source\repos\set\set\set.h(93): error C2327: 'set<char>::iterator': is not a type name, static, or enumerator
c:\users\final\source\repos\set\set\assignment05.cpp(403): error C2679: binary '=': no operator found which takes a right-hand operand of type 'set<char>' (or there is no acceptable conversion)
  c:\users\final\source\repos\set\set\set.h(57): note: could be 'set<char> set<char>::operator =(set<char> &)'
  c:\users\final\source\repos\set\set\assignment05.cpp(403): note: while trying to match the argument list '(set<char>, set<char>)'
c:\users\final\source\repos\set\set\assignment05.cpp(405): error C2679: binary '=': no operator found which takes a right-hand operand of type 'set<char>' (or there is no acceptable conversion)
  c:\users\final\source\repos\set\set\set.h(57): note: could be 'set<char> set<char>::operator =(set<char> &)'
  c:\users\final\source\repos\set\set\assignment05.cpp(405): note: while trying to match the argument list '(set<char>, set<char>)'
  goFish.cpp
c:\users\final\source\repos\set\set\set.h(61): error C2427: 'iterator': cannot define class in this scope
  c:\users\final\source\repos\set\set\set.h(60): note: see declaration of 'iterator'
  c:\users\final\source\repos\set\set\set.h(99): note: see reference to class template instantiation 'set<T>' being compiled
c:\users\final\source\repos\set\set\set.h(61): error C2911: 'iterator': cannot be declared or defined in the current scope
c:\users\final\source\repos\set\set\set.h(61): error C2649: 'set<`template-type-parameter-1'>::iterator': is not a 'class'
c:\users\final\source\repos\set\set\set.h(90): error C3646: 'find': unknown override specifier
c:\users\final\source\repos\set\set\set.h(90): error C2059: syntax error: '('
c:\users\final\source\repos\set\set\set.h(90): error C2238: unexpected token(s) preceding ';'
c:\users\final\source\repos\set\set\set.h(91): error C3646: 'erase': unknown override specifier
c:\users\final\source\repos\set\set\set.h(91): error C2059: syntax error: '('
c:\users\final\source\repos\set\set\set.h(91): error C2238: unexpected token(s) preceding ';'
c:\users\final\source\repos\set\set\set.h(92): error C3646: 'begin': unknown override specifier
c:\users\final\source\repos\set\set\set.h(92): error C2059: syntax error: '('
c:\users\final\source\repos\set\set\set.h(92): error C2238: unexpected token(s) preceding ';'
c:\users\final\source\repos\set\set\set.h(93): error C3646: 'end': unknown override specifier
c:\users\final\source\repos\set\set\set.h(93): error C2059: syntax error: '('
c:\users\final\source\repos\set\set\set.h(93): error C2238: unexpected token(s) preceding ';'
c:\users\final\source\repos\set\set\set.h(154): error C3861: 'item': identifier not found
c:\users\final\source\repos\set\set\set.h(157): error C3861: 'insertIndex': identifier not found
c:\users\final\source\repos\set\set\set.h(157): error C3861: 'item': identifier not found
c:\users\final\source\repos\set\set\set.h(158): error C3861: 'numItems': identifier not found
c:\users\final\source\repos\set\set\set.h(170): error C3861: 'item': identifier not found
c:\users\final\source\repos\set\set\set.h(203): warning C4346: 'iterator': dependent name is not a type
  c:\users\final\source\repos\set\set\set.h(203): note: prefix with 'typename' to indicate a type
c:\users\final\source\repos\set\set\set.h(203): error C2061: syntax error: identifier 'iterator'
c:\users\final\source\repos\set\set\set.h(204): error C2143: syntax error: missing ';' before '{'
c:\users\final\source\repos\set\set\set.h(204): error C2447: '{': missing function header (old-style formal list?)
c:\users\final\source\repos\set\set\set.h(209): warning C4346: 'iterator': dependent name is not a type
  c:\users\final\source\repos\set\set\set.h(209): note: prefix with 'typename' to indicate a type
c:\users\final\source\repos\set\set\set.h(209): error C2061: syntax error: identifier 'iterator'
c:\users\final\source\repos\set\set\set.h(210): error C2143: syntax error: missing ';' before '{'
c:\users\final\source\repos\set\set\set.h(210): error C2447: '{': missing function header (old-style formal list?)
c:\users\final\source\repos\set\set\set.h(215): warning C4346: 'iterator': dependent name is not a type
  c:\users\final\source\repos\set\set\set.h(215): note: prefix with 'typename' to indicate a type
c:\users\final\source\repos\set\set\set.h(215): error C2061: syntax error: identifier 'iterator'
c:\users\final\source\repos\set\set\set.h(216): error C2143: syntax error: missing ';' before '{'
c:\users\final\source\repos\set\set\set.h(216): error C2447: '{': missing function header (old-style formal list?)
c:\users\final\source\repos\set\set\set.h(221): warning C4346: 'iterator': dependent name is not a type
  c:\users\final\source\repos\set\set\set.h(221): note: prefix with 'typename' to indicate a type
c:\users\final\source\repos\set\set\set.h(221): error C2061: syntax error: identifier 'iterator'
c:\users\final\source\repos\set\set\set.h(222): error C2143: syntax error: missing ';' before '{'
c:\users\final\source\repos\set\set\set.h(222): error C2447: '{': missing function header (old-style formal list?)
  Generating Code...
